TN:
SF:tests\steps\addToCart.ts
FN:8,(anonymous_13)
FN:29,(anonymous_16)
FN:51,(anonymous_19)
FN:70,(anonymous_22)
FN:90,(anonymous_25)
FNF:5
FNH:5
FNDA:2,(anonymous_13)
FNDA:2,(anonymous_16)
FNDA:2,(anonymous_19)
FNDA:2,(anonymous_22)
FNDA:2,(anonymous_25)
DA:1,1
DA:2,1
DA:3,1
DA:8,1
DA:13,1
DA:15,1
DA:17,1
DA:21,0
DA:29,1
DA:34,1
DA:36,2
DA:38,1
DA:42,0
DA:51,1
DA:56,1
DA:58,2
DA:60,1
DA:64,0
DA:70,1
DA:75,1
DA:77,2
DA:79,1
DA:83,0
DA:90,1
DA:95,1
DA:97,2
DA:99,1
DA:103,0
LF:28
LH:23
BRF:0
BRH:0
end_of_record
TN:
SF:tests\steps\login.ts
FN:11,(anonymous_13)
FN:29,(anonymous_16)
FN:48,(anonymous_19)
FN:69,(anonymous_22)
FN:90,(anonymous_25)
FN:112,(anonymous_28)
FN:133,(anonymous_31)
FN:155,(anonymous_34)
FNF:8
FNH:8
FNDA:4,(anonymous_13)
FNDA:2,(anonymous_16)
FNDA:1,(anonymous_19)
FNDA:1,(anonymous_22)
FNDA:4,(anonymous_25)
FNDA:2,(anonymous_28)
FNDA:1,(anonymous_31)
FNDA:1,(anonymous_34)
DA:1,1
DA:3,1
DA:4,1
DA:6,1
DA:8,1
DA:11,1
DA:17,4
DA:18,8
DA:21,0
DA:29,1
DA:34,2
DA:36,4
DA:38,2
DA:41,0
DA:48,1
DA:53,1
DA:55,2
DA:57,1
DA:61,0
DA:69,1
DA:74,1
DA:76,2
DA:78,1
DA:82,0
DA:90,1
DA:95,4
DA:97,8
DA:99,4
DA:103,0
DA:112,1
DA:117,2
DA:119,4
DA:121,2
DA:125,0
DA:133,1
DA:138,1
DA:140,2
DA:142,1
DA:146,0
DA:155,1
DA:160,1
DA:162,2
DA:164,1
DA:168,0
LF:44
LH:36
BRF:0
BRH:0
end_of_record
